Change Component Designator: Old Designator=? New Designator=1
Change Component Designator: Old Designator=? New Designator=2
Change Component Designator: Old Designator=? New Designator=3
Change Component Designator: Old Designator=? New Designator=4
Change Component Designator: Old Designator=C? New Designator=C1
Change Component Designator: Old Designator=C? New Designator=C2
Change Component Designator: Old Designator=C? New Designator=C3
Change Component Designator: Old Designator=C? New Designator=C4
Change Component Designator: Old Designator=C? New Designator=C5
Change Component Designator: Old Designator=C? New Designator=C6
Change Component Designator: Old Designator=C? New Designator=C7
Change Component Designator: Old Designator=C_out? New Designator=C_out1
Change Component Designator: Old Designator=C_out? New Designator=C_out2
Change Component Designator: Old Designator=CC? New Designator=CC1
Change Component Designator: Old Designator=LED? New Designator=LED1
Change Component Designator: Old Designator=MOTOR_? New Designator=MOTOR_1
Change Component Designator: Old Designator=MOTOR_? New Designator=MOTOR_2
Change Component Designator: Old Designator=PowerSW? New Designator=PowerSW1
Change Component Designator: Old Designator=R? New Designator=R1
Change Component Designator: Old Designator=R? New Designator=R2
Change Component Designator: Old Designator=R? New Designator=R3
Change Component Designator: Old Designator=R? New Designator=R4
Change Component Designator: Old Designator=R? New Designator=R5
Change Component Designator: Old Designator=R? New Designator=R6
Change Component Designator: Old Designator=R? New Designator=R7
Change Component Designator: Old Designator=R? New Designator=R8
Change Component Designator: Old Designator=R? New Designator=R9
Change Component Designator: Old Designator=R? New Designator=R10
Change Component Designator: Old Designator=R? New Designator=R11
Change Component Designator: Old Designator=R? New Designator=R12
Change Component Designator: Old Designator=R? New Designator=R13
Change Component Designator: Old Designator=R? New Designator=R14
Change Component Designator: Old Designator=R? New Designator=R15
Change Component Designator: Old Designator=R? New Designator=R16
Change Component Designator: Old Designator=R? New Designator=R17
Change Component Designator: Old Designator=U? New Designator=U2
Change Component Designator: Old Designator=U? New Designator=U3
