Added Component: Designator=3v3(AMS1117-)
Add component. Clean all parameters for all variants
Added Component: Designator=C1(0805电容)
Add component. Clean all parameters for all variants
Added Component: Designator=C2(0805电容)
Add component. Clean all parameters for all variants
Added Component: Designator=C3(0805电容)
Add component. Clean all parameters for all variants
Added Component: Designator=C4(0805电容)
Add component. Clean all parameters for all variants
Added Component: Designator=DIP 14(DIP 14)
Add component. Clean all parameters for all variants
Added Component: Designator=DIP 15(DIP 14)
Add component. Clean all parameters for all variants
Added Component: Designator=Hd1(Header3)
Add component. Clean all parameters for all variants
Added Component: Designator=Hd2(Header3)
Add component. Clean all parameters for all variants
Added Component: Designator=Hd3(Header3)
Add component. Clean all parameters for all variants
Added Component: Designator=Hd4(Header3)
Add component. Clean all parameters for all variants
Added Component: Designator=Hd5(Header3)
Add component. Clean all parameters for all variants
Added Component: Designator=Hd6(Header3)
Add component. Clean all parameters for all variants
Added Component: Designator=Hd7(Header3)
Add component. Clean all parameters for all variants
Added Component: Designator=Hd8(Header3)
Add component. Clean all parameters for all variants
Added Component: Designator=P1(HDR2X4)
Add component. Clean all parameters for all variants
Add component (AddParameter): Name = "LatestRevisionDate"; Value = "17-Jul-2002"; VariantName = "[No Variations]"
Add component (AddParameter): Name = "LatestRevisionNote"; Value = "Re-released for DXP Platform."; VariantName = "[No Variations]"
Add component (AddParameter): Name = "Publisher"; Value = "Altium Limited"; VariantName = "[No Variations]"
Added Component: Designator=P2(HDR2X5_CEN)
Add component. Clean all parameters for all variants
Add component (AddParameter): Name = "LatestRevisionDate"; Value = "17-Jul-2002"; VariantName = "[No Variations]"
Add component (AddParameter): Name = "LatestRevisionNote"; Value = "Re-released for DXP Platform."; VariantName = "[No Variations]"
Add component (AddParameter): Name = "Publisher"; Value = "Altium Limited"; VariantName = "[No Variations]"
Added Component: Designator=P3(HDR1X3)
Add component. Clean all parameters for all variants
Add component (AddParameter): Name = "LatestRevisionDate"; Value = "17-Jul-2002"; VariantName = "[No Variations]"
Add component (AddParameter): Name = "LatestRevisionNote"; Value = "Re-released for DXP Platform."; VariantName = "[No Variations]"
Add component (AddParameter): Name = "Publisher"; Value = "Altium Limited"; VariantName = "[No Variations]"
Added Component: Designator=P4(HDR1X3)
Add component. Clean all parameters for all variants
Add component (AddParameter): Name = "LatestRevisionDate"; Value = "17-Jul-2002"; VariantName = "[No Variations]"
Add component (AddParameter): Name = "LatestRevisionNote"; Value = "Re-released for DXP Platform."; VariantName = "[No Variations]"
Add component (AddParameter): Name = "Publisher"; Value = "Altium Limited"; VariantName = "[No Variations]"
Added Component: Designator=P5(HDR2X5_CEN)
Add component. Clean all parameters for all variants
Add component (AddParameter): Name = "LatestRevisionDate"; Value = "17-Jul-2002"; VariantName = "[No Variations]"
Add component (AddParameter): Name = "LatestRevisionNote"; Value = "Re-released for DXP Platform."; VariantName = "[No Variations]"
Add component (AddParameter): Name = "Publisher"; Value = "Altium Limited"; VariantName = "[No Variations]"
Added Component: Designator=USART1(Header4)
Add component. Clean all parameters for all variants
Added Pin To Net: NetName=1 Pin=P2-1
Added Net: Name=1
Added Pin To Net: NetName=2 Pin=P2-2
Added Net: Name=2
Added Pin To Net: NetName=3 Pin=P2-3
Added Net: Name=3
Added Pin To Net: NetName=3V3 Pin=3v3-2
Added Pin To Net: NetName=3V3 Pin=C3-1
Added Pin To Net: NetName=3V3 Pin=P1-2
Added Pin To Net: NetName=3V3 Pin=P5-5
Added Net: Name=3V3
Added Pin To Net: NetName=4 Pin=P2-4
Added Net: Name=4
Added Pin To Net: NetName=9 Pin=P2-5
Added Net: Name=9
Added Pin To Net: NetName=16 Pin=P2-6
Added Net: Name=16
Added Pin To Net: NetName=17 Pin=P2-7
Added Net: Name=17
Added Pin To Net: NetName=25 Pin=P2-8
Added Net: Name=25
Added Pin To Net: NetName=28 Pin=P2-9
Added Net: Name=28
Added Pin To Net: NetName=29 Pin=P2-10
Added Net: Name=29
Added Pin To Net: NetName=30 Pin=P5-1
Added Net: Name=30
Added Pin To Net: NetName=31 Pin=P5-2
Added Net: Name=31
Added Pin To Net: NetName=32 Pin=P5-3
Added Net: Name=32
Added Pin To Net: NetName=33 Pin=P5-4
Added Net: Name=33
Added Pin To Net: NetName=CE Pin=P1-3
Added Net: Name=CE
Added Pin To Net: NetName=CSN Pin=P1-4
Added Net: Name=CSN
Added Pin To Net: NetName=GND Pin=3v3-1
Added Pin To Net: NetName=GND Pin=C1-2
Added Pin To Net: NetName=GND Pin=C2-2
Added Pin To Net: NetName=GND Pin=C3-2
Added Pin To Net: NetName=GND Pin=C4-2
Added Pin To Net: NetName=GND Pin=DIP 14-7
Added Pin To Net: NetName=GND Pin=DIP 15-7
Added Pin To Net: NetName=GND Pin=Hd1-1
Added Pin To Net: NetName=GND Pin=Hd2-1
Added Pin To Net: NetName=GND Pin=Hd3-1
Added Pin To Net: NetName=GND Pin=Hd4-1
Added Pin To Net: NetName=GND Pin=Hd5-1
Added Pin To Net: NetName=GND Pin=Hd6-1
Added Pin To Net: NetName=GND Pin=Hd7-1
Added Pin To Net: NetName=GND Pin=Hd8-1
Added Pin To Net: NetName=GND Pin=P1-1
Added Pin To Net: NetName=GND Pin=P3-2
Added Pin To Net: NetName=GND Pin=P4-2
Added Pin To Net: NetName=GND Pin=P5-8
Added Pin To Net: NetName=GND Pin=P5-9
Added Pin To Net: NetName=GND Pin=P5-10
Added Pin To Net: NetName=GND Pin=USART1-4
Added Net: Name=GND
Added Pin To Net: NetName=IRQ Pin=P1-8
Added Net: Name=IRQ
Added Pin To Net: NetName=MISO Pin=P1-7
Added Net: Name=MISO
Added Pin To Net: NetName=MOSI Pin=P1-6
Added Net: Name=MOSI
Added Pin To Net: NetName=PA0 Pin=Hd1-3
Added Net: Name=PA0
Added Pin To Net: NetName=PA1 Pin=Hd2-3
Added Net: Name=PA1
Added Pin To Net: NetName=PA2 Pin=Hd3-3
Added Net: Name=PA2
Added Pin To Net: NetName=PA3 Pin=Hd4-3
Added Net: Name=PA3
Added Pin To Net: NetName=PB6_OUT Pin=DIP 14-3
Added Pin To Net: NetName=PB6_OUT Pin=DIP 15-3
Added Pin To Net: NetName=PB6_OUT Pin=Hd5-3
Added Net: Name=PB6_OUT
Added Pin To Net: NetName=PB6 Pin=DIP 14-1
Added Pin To Net: NetName=PB6 Pin=DIP 15-1
Added Net: Name=PB6
Added Pin To Net: NetName=PB7_OUT Pin=DIP 14-6
Added Pin To Net: NetName=PB7_OUT Pin=DIP 15-6
Added Pin To Net: NetName=PB7_OUT Pin=Hd6-3
Added Net: Name=PB7_OUT
Added Pin To Net: NetName=PB7 Pin=DIP 14-4
Added Pin To Net: NetName=PB7 Pin=DIP 15-4
Added Net: Name=PB7
Added Pin To Net: NetName=PB8_OUT Pin=DIP 14-11
Added Pin To Net: NetName=PB8_OUT Pin=DIP 15-11
Added Pin To Net: NetName=PB8_OUT Pin=Hd7-3
Added Net: Name=PB8_OUT
Added Pin To Net: NetName=PB8 Pin=DIP 14-13
Added Pin To Net: NetName=PB8 Pin=DIP 15-13
Added Net: Name=PB8
Added Pin To Net: NetName=PB9_OUT Pin=DIP 14-8
Added Pin To Net: NetName=PB9_OUT Pin=DIP 15-8
Added Pin To Net: NetName=PB9_OUT Pin=Hd8-3
Added Net: Name=PB9_OUT
Added Pin To Net: NetName=PB9 Pin=DIP 14-10
Added Pin To Net: NetName=PB9 Pin=DIP 15-10
Added Net: Name=PB9
Added Pin To Net: NetName=RX Pin=USART1-2
Added Net: Name=RX
Added Pin To Net: NetName=S1 Pin=DIP 14-2
Added Pin To Net: NetName=S1 Pin=DIP 14-5
Added Pin To Net: NetName=S1 Pin=DIP 14-9
Added Pin To Net: NetName=S1 Pin=DIP 14-12
Added Net: Name=S1
Added Pin To Net: NetName=S2 Pin=DIP 15-2
Added Pin To Net: NetName=S2 Pin=DIP 15-5
Added Pin To Net: NetName=S2 Pin=DIP 15-9
Added Pin To Net: NetName=S2 Pin=DIP 15-12
Added Net: Name=S2
Added Pin To Net: NetName=SCK Pin=P1-5
Added Net: Name=SCK
Added Pin To Net: NetName=TX Pin=USART1-3
Added Net: Name=TX
Added Pin To Net: NetName=VCC Pin=3v3-3
Added Pin To Net: NetName=VCC Pin=C1-1
Added Pin To Net: NetName=VCC Pin=DIP 14-14
Added Pin To Net: NetName=VCC Pin=DIP 15-14
Added Pin To Net: NetName=VCC Pin=Hd1-2
Added Pin To Net: NetName=VCC Pin=Hd2-2
Added Pin To Net: NetName=VCC Pin=Hd3-2
Added Pin To Net: NetName=VCC Pin=Hd4-2
Added Pin To Net: NetName=VCC Pin=Hd5-2
Added Pin To Net: NetName=VCC Pin=Hd6-2
Added Pin To Net: NetName=VCC Pin=Hd7-2
Added Pin To Net: NetName=VCC Pin=Hd8-2
Added Pin To Net: NetName=VCC Pin=P3-3
Added Pin To Net: NetName=VCC Pin=P4-3
Added Pin To Net: NetName=VCC Pin=P5-6
Added Pin To Net: NetName=VCC Pin=P5-7
Added Pin To Net: NetName=VCC Pin=USART1-1
Added Net: Name=VCC
Added Pin To Net: NetName=WATER1 Pin=P3-1
Added Net: Name=WATER1
Added Pin To Net: NetName=WATER2 Pin=P4-1
Added Net: Name=WATER2
Added Class: Name=FLYING_DIVING
Added Room: Name=FLYING_DIVING
