Added Component: Designator=24L01(HDR2X4)
Add component. Clean all parameters for all variants
Added Component: Designator=BOOT1(Jumper3)
Add component. Clean all parameters for all variants
Added Component: Designator=BOOT2(Jumper3)
Add component. Clean all parameters for all variants
Added Component: Designator=B(BEEP)
Add component. Clean all parameters for all variants
Added Component: Designator=C1(C0603)
Add component. Clean all parameters for all variants
Added Component: Designator=C2(C0805)
Add component. Clean all parameters for all variants
Added Component: Designator=C3(C0603)
Add component. Clean all parameters for all variants
Added Component: Designator=C4(C0805)
Add component. Clean all parameters for all variants
Added Component: Designator=C5(C0603)
Add component. Clean all parameters for all variants
Added Component: Designator=C6(C0805)
Add component. Clean all parameters for all variants
Added Component: Designator=C7(C0603)
Add component. Clean all parameters for all variants
Added Component: Designator=C8(C0805)
Add component. Clean all parameters for all variants
Added Component: Designator=C9(C0603)
Add component. Clean all parameters for all variants
Added Component: Designator=C10(C0603)
Add component. Clean all parameters for all variants
Added Component: Designator=C11(C0603)
Add component. Clean all parameters for all variants
Added Component: Designator=C12(C0603)
Add component. Clean all parameters for all variants
Added Component: Designator=C13(C0603)
Add component. Clean all parameters for all variants
Added Component: Designator=C14(C0603)
Add component. Clean all parameters for all variants
Added Component: Designator=C15(C0603)
Add component. Clean all parameters for all variants
Added Component: Designator=C16(C0603)
Add component. Clean all parameters for all variants
Added Component: Designator=C17(C0603)
Add component. Clean all parameters for all variants
Added Component: Designator=C18(C0603)
Add component. Clean all parameters for all variants
Added Component: Designator=C19(C0603)
Add component. Clean all parameters for all variants
Added Component: Designator=C20(C0603)
Add component. Clean all parameters for all variants
Added Component: Designator=C21(C0603)
Add component. Clean all parameters for all variants
Added Component: Designator=C22(C0603)
Add component. Clean all parameters for all variants
Added Component: Designator=C25(C0603)
Add component. Clean all parameters for all variants
Added Component: Designator=C26(C0603)
Add component. Clean all parameters for all variants
Added Component: Designator=C27(C0603)
Add component. Clean all parameters for all variants
Added Component: Designator=C28(LC-0603_C)
Add component. Clean all parameters for all variants
Add component (AddParameter): Name = "Value"; Value = "20pF"; VariantName = "[No Variations]"
Added Component: Designator=C29(C0603)
Add component. Clean all parameters for all variants
Added Component: Designator=C30(LC-0603_C)
Add component. Clean all parameters for all variants
Add component (AddParameter): Name = "Value"; Value = "20pF"; VariantName = "[No Variations]"
Added Component: Designator=C31(LC-0603_C)
Add component. Clean all parameters for all variants
Add component (AddParameter): Name = "Published"; Value = "8-Jun-2000"; VariantName = "[No Variations]"
Add component (AddParameter): Name = "Publisher"; Value = "Altium Limited"; VariantName = "[No Variations]"
Add component (AddParameter): Name = "REF"; Value = "GRM39 X7R102K50PT"; VariantName = "[No Variations]"
Add component (AddParameter): Name = "Revision"; Value = "July-2002: Re-released for DXP Platform."; VariantName = "[No Variations]"
Add component (AddParameter): Name = "Value"; Value = "100pF"; VariantName = "[No Variations]"
Added Component: Designator=C32(LC-0603_C)
Add component. Clean all parameters for all variants
Add component (AddParameter): Name = "Value"; Value = "20pF"; VariantName = "[No Variations]"
Added Component: Designator=C33(LC-0603_C)
Add component. Clean all parameters for all variants
Add component (AddParameter): Name = "Value"; Value = "20pF"; VariantName = "[No Variations]"
Added Component: Designator=DOWNLOAD1(HDR1X4)
Add component. Clean all parameters for all variants
Added Component: Designator=L1(LED3MM-G 直)
Add component. Clean all parameters for all variants
Added Component: Designator=L2(LED3MM-G 直)
Add component. Clean all parameters for all variants
Added Component: Designator=L3(LED3MM-G 直)
Add component. Clean all parameters for all variants
Added Component: Designator=L4(LED3MM-G 直)
Add component. Clean all parameters for all variants
Added Component: Designator=OLED/TFT(HDR1X7)
Add component. Clean all parameters for all variants
Add component (AddParameter): Name = "LatestRevisionDate"; Value = "17-Jul-2002"; VariantName = "[No Variations]"
Add component (AddParameter): Name = "LatestRevisionNote"; Value = "Re-released for DXP Platform."; VariantName = "[No Variations]"
Add component (AddParameter): Name = "Publisher"; Value = "Altium Limited"; VariantName = "[No Variations]"
Added Component: Designator=Q2(SOT23-3)
Add component. Clean all parameters for all variants
Added Component: Designator=R1(R0805)
Add component. Clean all parameters for all variants
Added Component: Designator=R2(R0603)
Add component. Clean all parameters for all variants
Added Component: Designator=R3(R0603)
Add component. Clean all parameters for all variants
Added Component: Designator=R4(R0603)
Add component. Clean all parameters for all variants
Added Component: Designator=R5(R0603)
Add component. Clean all parameters for all variants
Added Component: Designator=R6(R0603)
Add component. Clean all parameters for all variants
Added Component: Designator=R7(R0603)
Add component. Clean all parameters for all variants
Added Component: Designator=R8(R0603)
Add component. Clean all parameters for all variants
Added Component: Designator=R9(R0603)
Add component. Clean all parameters for all variants
Added Component: Designator=R10(R0603)
Add component. Clean all parameters for all variants
Added Component: Designator=R11(R0603)
Add component. Clean all parameters for all variants
Added Component: Designator=R12(R0603)
Add component. Clean all parameters for all variants
Added Component: Designator=R13(R0603)
Add component. Clean all parameters for all variants
Added Component: Designator=R14(R0603)
Add component. Clean all parameters for all variants
Added Component: Designator=R15(LC-0603_R)
Add component. Clean all parameters for all variants
Added Component: Designator=R17(R0603)
Add component. Clean all parameters for all variants
Added Component: Designator=R18(R0603)
Add component. Clean all parameters for all variants
Added Component: Designator=R19(R0603)
Add component. Clean all parameters for all variants
Added Component: Designator=REST1(KEY-K2)
Add component. Clean all parameters for all variants
Added Component: Designator=S1(拨动开关)
Add component. Clean all parameters for all variants
Added Component: Designator=U1(SOT223)
Add component. Clean all parameters for all variants
Added Component: Designator=U2(SOT223)
Add component. Clean all parameters for all variants
Added Component: Designator=U3(LC-LQFP-64_10x10x05P)
Add component. Clean all parameters for all variants
Added Component: Designator=U4(8Pin_100mil)
Add component. Clean all parameters for all variants
Added Component: Designator=U5(8Pin_100mil)
Add component. Clean all parameters for all variants
Added Component: Designator=U6(8Pin_100mil)
Add component. Clean all parameters for all variants
Added Component: Designator=USART1(HDR1X4)
Add component. Clean all parameters for all variants
Add component (AddParameter): Name = "LatestRevisionDate"; Value = "17-Jul-2002"; VariantName = "[No Variations]"
Add component (AddParameter): Name = "LatestRevisionNote"; Value = "Re-released for DXP Platform."; VariantName = "[No Variations]"
Add component (AddParameter): Name = "Publisher"; Value = "Altium Limited"; VariantName = "[No Variations]"
Added Component: Designator=USART2(HDR1X4)
Add component. Clean all parameters for all variants
Add component (AddParameter): Name = "LatestRevisionDate"; Value = "17-Jul-2002"; VariantName = "[No Variations]"
Add component (AddParameter): Name = "LatestRevisionNote"; Value = "Re-released for DXP Platform."; VariantName = "[No Variations]"
Add component (AddParameter): Name = "Publisher"; Value = "Altium Limited"; VariantName = "[No Variations]"
Added Component: Designator=USART3(HDR1X4)
Add component. Clean all parameters for all variants
Add component (AddParameter): Name = "LatestRevisionDate"; Value = "17-Jul-2002"; VariantName = "[No Variations]"
Add component (AddParameter): Name = "LatestRevisionNote"; Value = "Re-released for DXP Platform."; VariantName = "[No Variations]"
Add component (AddParameter): Name = "Publisher"; Value = "Altium Limited"; VariantName = "[No Variations]"
Added Component: Designator=UT2(Jumper3)
Add component. Clean all parameters for all variants
Added Component: Designator=UT3(Jumper3)
Add component. Clean all parameters for all variants
Added Component: Designator=U？(2脚接头)
Add component. Clean all parameters for all variants
Added Component: Designator=W1(Circle_1cm)
Add component. Clean all parameters for all variants
Added Component: Designator=W2(Circle_1cm)
Add component. Clean all parameters for all variants
Added Component: Designator=W3(Circle_1cm)
Add component. Clean all parameters for all variants
Added Component: Designator=Y3(XTAL-49/S_N)
Add component. Clean all parameters for all variants
Add component (AddParameter): Name = "Value"; Value = "8MHz"; VariantName = "[No Variations]"
Added Component: Designator=Y4(XTAL_2X6 卧式)
Add component. Clean all parameters for all variants
Add component (AddParameter): Name = "Value"; Value = "8MHz"; VariantName = "[No Variations]"
Added Pin To Net: NetName=3V3 Pin=24L01-2
Added Pin To Net: NetName=3V3 Pin=BOOT1-1
Added Pin To Net: NetName=3V3 Pin=BOOT2-1
Added Pin To Net: NetName=3V3 Pin=C1-1
Added Pin To Net: NetName=3V3 Pin=C4-1
Added Pin To Net: NetName=3V3 Pin=C5-1
Added Pin To Net: NetName=3V3 Pin=C20-2
Added Pin To Net: NetName=3V3 Pin=C25-1
Added Pin To Net: NetName=3V3 Pin=C26-1
Added Pin To Net: NetName=3V3 Pin=C27-1
Added Pin To Net: NetName=3V3 Pin=C29-1
Added Pin To Net: NetName=3V3 Pin=DOWNLOAD1-1
Added Pin To Net: NetName=3V3 Pin=OLED/TFT-6
Added Pin To Net: NetName=3V3 Pin=R17-2
Added Pin To Net: NetName=3V3 Pin=U1-2
Added Pin To Net: NetName=3V3 Pin=U1-2
Added Pin To Net: NetName=3V3 Pin=U3-1
Added Pin To Net: NetName=3V3 Pin=U3-13
Added Pin To Net: NetName=3V3 Pin=U3-19
Added Pin To Net: NetName=3V3 Pin=U3-32
Added Pin To Net: NetName=3V3 Pin=U3-48
Added Pin To Net: NetName=3V3 Pin=U3-64
Added Pin To Net: NetName=3V3 Pin=USART1-1
Added Pin To Net: NetName=3V3 Pin=UT2-3
Added Pin To Net: NetName=3V3 Pin=UT3-3
Added Net: Name=3V3
Added Pin To Net: NetName=5V0 Pin=C8-1
Added Pin To Net: NetName=5V0 Pin=C9-1
Added Pin To Net: NetName=5V0 Pin=R2-1
Added Pin To Net: NetName=5V0 Pin=R3-1
Added Pin To Net: NetName=5V0 Pin=R4-1
Added Pin To Net: NetName=5V0 Pin=R6-1
Added Pin To Net: NetName=5V0 Pin=R8-1
Added Pin To Net: NetName=5V0 Pin=R11-1
Added Pin To Net: NetName=5V0 Pin=R12-1
Added Pin To Net: NetName=5V0 Pin=R13-1
Added Pin To Net: NetName=5V0 Pin=R14-1
Added Pin To Net: NetName=5V0 Pin=U2-2
Added Pin To Net: NetName=5V0 Pin=U2-2
Added Pin To Net: NetName=5V0 Pin=U4-8
Added Pin To Net: NetName=5V0 Pin=U5-8
Added Pin To Net: NetName=5V0 Pin=U6-8
Added Pin To Net: NetName=5V0 Pin=UT2-1
Added Pin To Net: NetName=5V0 Pin=UT3-1
Added Net: Name=5V0
Added Pin To Net: NetName=BOOT0 Pin=BOOT1-2
Added Pin To Net: NetName=BOOT0 Pin=R18-2
Added Pin To Net: NetName=BOOT0 Pin=U3-60
Added Net: Name=BOOT0
Added Pin To Net: NetName=BOOT1 Pin=BOOT2-2
Added Pin To Net: NetName=BOOT1 Pin=R19-2
Added Pin To Net: NetName=BOOT1 Pin=U3-28
Added Net: Name=BOOT1
Added Pin To Net: NetName=EXTI0 Pin=R6-2
Added Pin To Net: NetName=EXTI0 Pin=U3-26
Added Pin To Net: NetName=EXTI0 Pin=U4-7
Added Net: Name=EXTI0
Added Pin To Net: NetName=EXTI1 Pin=R8-2
Added Pin To Net: NetName=EXTI1 Pin=U3-27
Added Pin To Net: NetName=EXTI1 Pin=U5-7
Added Net: Name=EXTI1
Added Pin To Net: NetName=EXTI2 Pin=R11-2
Added Pin To Net: NetName=EXTI2 Pin=U3-10
Added Pin To Net: NetName=EXTI2 Pin=U6-7
Added Net: Name=EXTI2
Added Pin To Net: NetName=GND Pin=24L01-1
Added Pin To Net: NetName=GND Pin=B-2
Added Pin To Net: NetName=GND Pin=BOOT1-3
Added Pin To Net: NetName=GND Pin=BOOT2-3
Added Pin To Net: NetName=GND Pin=C1-2
Added Pin To Net: NetName=GND Pin=C14-2
Added Pin To Net: NetName=GND Pin=C15-2
Added Pin To Net: NetName=GND Pin=C17-2
Added Pin To Net: NetName=GND Pin=C18-2
Added Pin To Net: NetName=GND Pin=C20-1
Added Pin To Net: NetName=GND Pin=C21-2
Added Pin To Net: NetName=GND Pin=C22-2
Added Pin To Net: NetName=GND Pin=C25-2
Added Pin To Net: NetName=GND Pin=C26-2
Added Pin To Net: NetName=GND Pin=C27-2
Added Pin To Net: NetName=GND Pin=C28-1
Added Pin To Net: NetName=GND Pin=C29-2
Added Pin To Net: NetName=GND Pin=C30-1
Added Pin To Net: NetName=GND Pin=C32-1
Added Pin To Net: NetName=GND Pin=C33-1
Added Pin To Net: NetName=GND Pin=DOWNLOAD1-3
Added Pin To Net: NetName=GND Pin=L2-2
Added Pin To Net: NetName=GND Pin=L3-2
Added Pin To Net: NetName=GND Pin=L4-2
Added Pin To Net: NetName=GND Pin=OLED/TFT-7
Added Pin To Net: NetName=GND Pin=R1-1
Added Pin To Net: NetName=GND Pin=R5-1
Added Pin To Net: NetName=GND Pin=R7-1
Added Pin To Net: NetName=GND Pin=R10-1
Added Pin To Net: NetName=GND Pin=R18-1
Added Pin To Net: NetName=GND Pin=R19-1
Added Pin To Net: NetName=GND Pin=U1-1
Added Pin To Net: NetName=GND Pin=U2-1
Added Pin To Net: NetName=GND Pin=U3-12
Added Pin To Net: NetName=GND Pin=U3-18
Added Pin To Net: NetName=GND Pin=U3-31
Added Pin To Net: NetName=GND Pin=U3-47
Added Pin To Net: NetName=GND Pin=U3-63
Added Pin To Net: NetName=GND Pin=U4-4
Added Pin To Net: NetName=GND Pin=U5-4
Added Pin To Net: NetName=GND Pin=U6-4
Added Pin To Net: NetName=GND Pin=USART1-4
Added Pin To Net: NetName=GND Pin=USART2-4
Added Pin To Net: NetName=GND Pin=USART3-4
Added Pin To Net: NetName=GND Pin=U？-1
Added Pin To Net: NetName=GND Pin=W1-1
Added Pin To Net: NetName=GND Pin=W2-1
Added Pin To Net: NetName=GND Pin=W3-1
Added Net: Name=GND
Added Pin To Net: NetName=Net24L01_3 Pin=24L01-3
Added Pin To Net: NetName=Net24L01_3 Pin=U3-20
Added Net: Name=Net24L01_3
Added Pin To Net: NetName=Net24L01_4 Pin=24L01-4
Added Pin To Net: NetName=Net24L01_4 Pin=U3-24
Added Net: Name=Net24L01_4
Added Pin To Net: NetName=Net24L01_5 Pin=24L01-5
Added Pin To Net: NetName=Net24L01_5 Pin=U3-21
Added Net: Name=Net24L01_5
Added Pin To Net: NetName=Net24L01_6 Pin=24L01-6
Added Pin To Net: NetName=Net24L01_6 Pin=U3-23
Added Net: Name=Net24L01_6
Added Pin To Net: NetName=Net24L01_7 Pin=24L01-7
Added Pin To Net: NetName=Net24L01_7 Pin=U3-22
Added Net: Name=Net24L01_7
Added Pin To Net: NetName=Net24L01_8 Pin=24L01-8
Added Pin To Net: NetName=Net24L01_8 Pin=U3-25
Added Net: Name=Net24L01_8
Added Pin To Net: NetName=NetB_1 Pin=B-1
Added Pin To Net: NetName=NetB_1 Pin=Q2-1
Added Net: Name=NetB_1
Added Pin To Net: NetName=NetC2_2 Pin=C2-2
Added Pin To Net: NetName=NetC2_2 Pin=C3-2
Added Pin To Net: NetName=NetC2_2 Pin=C4-2
Added Pin To Net: NetName=NetC2_2 Pin=C5-2
Added Net: Name=NetC2_2
Added Pin To Net: NetName=NetC6_2 Pin=C6-2
Added Pin To Net: NetName=NetC6_2 Pin=C7-2
Added Pin To Net: NetName=NetC6_2 Pin=C8-2
Added Pin To Net: NetName=NetC6_2 Pin=C9-2
Added Net: Name=NetC6_2
Added Pin To Net: NetName=NetC10_1 Pin=C10-1
Added Pin To Net: NetName=NetC10_1 Pin=W1-2
Added Net: Name=NetC10_1
Added Pin To Net: NetName=NetC10_2 Pin=C10-2
Added Pin To Net: NetName=NetC10_2 Pin=U4-1
Added Net: Name=NetC10_2
Added Pin To Net: NetName=NetC11_1 Pin=C11-1
Added Pin To Net: NetName=NetC11_1 Pin=W2-2
Added Net: Name=NetC11_1
Added Pin To Net: NetName=NetC11_2 Pin=C11-2
Added Pin To Net: NetName=NetC11_2 Pin=U5-1
Added Net: Name=NetC11_2
Added Pin To Net: NetName=NetC12_1 Pin=C12-1
Added Pin To Net: NetName=NetC12_1 Pin=W3-2
Added Net: Name=NetC12_1
Added Pin To Net: NetName=NetC12_2 Pin=C12-2
Added Pin To Net: NetName=NetC12_2 Pin=U6-1
Added Net: Name=NetC12_2
Added Pin To Net: NetName=NetC13_2 Pin=C13-2
Added Pin To Net: NetName=NetC13_2 Pin=R5-2
Added Net: Name=NetC13_2
Added Pin To Net: NetName=NetC16_2 Pin=C16-2
Added Pin To Net: NetName=NetC16_2 Pin=R7-2
Added Net: Name=NetC16_2
Added Pin To Net: NetName=NetC19_2 Pin=C19-2
Added Pin To Net: NetName=NetC19_2 Pin=R10-2
Added Net: Name=NetC19_2
Added Pin To Net: NetName=NetC31_1 Pin=C31-1
Added Pin To Net: NetName=NetC31_1 Pin=REST1-2
Added Net: Name=NetC31_1
Added Pin To Net: NetName=NetL1_2 Pin=L1-2
Added Pin To Net: NetName=NetL1_2 Pin=R1-2
Added Net: Name=NetL1_2
Added Pin To Net: NetName=NetL2_1 Pin=L2-1
Added Pin To Net: NetName=NetL2_1 Pin=R12-2
Added Net: Name=NetL2_1
Added Pin To Net: NetName=NetL3_1 Pin=L3-1
Added Pin To Net: NetName=NetL3_1 Pin=R13-2
Added Net: Name=NetL3_1
Added Pin To Net: NetName=NetL4_1 Pin=L4-1
Added Pin To Net: NetName=NetL4_1 Pin=R14-2
Added Net: Name=NetL4_1
Added Pin To Net: NetName=NetQ2_2 Pin=Q2-2
Added Pin To Net: NetName=NetQ2_2 Pin=R9-1
Added Net: Name=NetQ2_2
Added Pin To Net: NetName=NetR9_2 Pin=R9-2
Added Pin To Net: NetName=NetR9_2 Pin=U3-33
Added Net: Name=NetR9_2
Added Pin To Net: NetName=NetS1_1 Pin=S1-1
Added Pin To Net: NetName=NetS1_1 Pin=U？-2
Added Net: Name=NetS1_1
Added Pin To Net: NetName=NetU3_16 Pin=U3-16
Added Pin To Net: NetName=NetU3_16 Pin=USART2-2
Added Net: Name=NetU3_16
Added Pin To Net: NetName=NetU3_17 Pin=U3-17
Added Pin To Net: NetName=NetU3_17 Pin=USART2-3
Added Net: Name=NetU3_17
Added Pin To Net: NetName=NetU3_29 Pin=U3-29
Added Pin To Net: NetName=NetU3_29 Pin=USART3-2
Added Net: Name=NetU3_29
Added Pin To Net: NetName=NetU3_30 Pin=U3-30
Added Pin To Net: NetName=NetU3_30 Pin=USART3-3
Added Net: Name=NetU3_30
Added Pin To Net: NetName=NetU3_42 Pin=U3-42
Added Pin To Net: NetName=NetU3_42 Pin=USART1-3
Added Net: Name=NetU3_42
Added Pin To Net: NetName=NetU3_43 Pin=U3-43
Added Pin To Net: NetName=NetU3_43 Pin=USART1-2
Added Net: Name=NetU3_43
Added Pin To Net: NetName=OLED_CS Pin=OLED/TFT-1
Added Pin To Net: NetName=OLED_CS Pin=U3-55
Added Net: Name=OLED_CS
Added Pin To Net: NetName=OLED_D0 Pin=OLED/TFT-5
Added Pin To Net: NetName=OLED_D0 Pin=U3-59
Added Net: Name=OLED_D0
Added Pin To Net: NetName=OLED_D1 Pin=OLED/TFT-4
Added Pin To Net: NetName=OLED_D1 Pin=U3-58
Added Net: Name=OLED_D1
Added Pin To Net: NetName=OLED_DC Pin=OLED/TFT-2
Added Pin To Net: NetName=OLED_DC Pin=U3-56
Added Net: Name=OLED_DC
Added Pin To Net: NetName=OLED_RES Pin=OLED/TFT-3
Added Pin To Net: NetName=OLED_RES Pin=U3-57
Added Net: Name=OLED_RES
Added Pin To Net: NetName=OSC_IN1 Pin=C32-2
Added Pin To Net: NetName=OSC_IN1 Pin=U3-3
Added Pin To Net: NetName=OSC_IN1 Pin=Y4-2
Added Net: Name=OSC_IN1
Added Pin To Net: NetName=OSC_IN2 Pin=C28-2
Added Pin To Net: NetName=OSC_IN2 Pin=R15-2
Added Pin To Net: NetName=OSC_IN2 Pin=U3-5
Added Pin To Net: NetName=OSC_IN2 Pin=Y3-1
Added Net: Name=OSC_IN2
Added Pin To Net: NetName=OSC_OUT1 Pin=C33-2
Added Pin To Net: NetName=OSC_OUT1 Pin=U3-4
Added Pin To Net: NetName=OSC_OUT1 Pin=Y4-1
Added Net: Name=OSC_OUT1
Added Pin To Net: NetName=OSC_OUT2 Pin=C30-2
Added Pin To Net: NetName=OSC_OUT2 Pin=R15-1
Added Pin To Net: NetName=OSC_OUT2 Pin=U3-6
Added Pin To Net: NetName=OSC_OUT2 Pin=Y3-2
Added Net: Name=OSC_OUT2
Added Pin To Net: NetName=PS2 Pin=USART2-1
Added Pin To Net: NetName=PS2 Pin=UT2-2
Added Net: Name=PS2
Added Pin To Net: NetName=PS3 Pin=USART3-1
Added Pin To Net: NetName=PS3 Pin=UT3-2
Added Net: Name=PS3
Added Pin To Net: NetName=REC1_C1 Pin=C13-1
Added Pin To Net: NetName=REC1_C1 Pin=U4-2
Added Net: Name=REC1_C1
Added Pin To Net: NetName=REC1_C2 Pin=C14-1
Added Pin To Net: NetName=REC1_C2 Pin=U4-3
Added Net: Name=REC1_C2
Added Pin To Net: NetName=REC1_C3 Pin=C15-1
Added Pin To Net: NetName=REC1_C3 Pin=U4-6
Added Net: Name=REC1_C3
Added Pin To Net: NetName=REC1_F0 Pin=R2-2
Added Pin To Net: NetName=REC1_F0 Pin=U4-5
Added Net: Name=REC1_F0
Added Pin To Net: NetName=REC2_C1 Pin=C16-1
Added Pin To Net: NetName=REC2_C1 Pin=U5-2
Added Net: Name=REC2_C1
Added Pin To Net: NetName=REC2_C2 Pin=C17-1
Added Pin To Net: NetName=REC2_C2 Pin=U5-3
Added Net: Name=REC2_C2
Added Pin To Net: NetName=REC2_C3 Pin=C18-1
Added Pin To Net: NetName=REC2_C3 Pin=U5-6
Added Net: Name=REC2_C3
Added Pin To Net: NetName=REC2_F0 Pin=R3-2
Added Pin To Net: NetName=REC2_F0 Pin=U5-5
Added Net: Name=REC2_F0
Added Pin To Net: NetName=REC3_C1 Pin=C19-1
Added Pin To Net: NetName=REC3_C1 Pin=U6-2
Added Net: Name=REC3_C1
Added Pin To Net: NetName=REC3_C2 Pin=C21-1
Added Pin To Net: NetName=REC3_C2 Pin=U6-3
Added Net: Name=REC3_C2
Added Pin To Net: NetName=REC3_C3 Pin=C22-1
Added Pin To Net: NetName=REC3_C3 Pin=U6-6
Added Net: Name=REC3_C3
Added Pin To Net: NetName=REC3_F0 Pin=R4-2
Added Pin To Net: NetName=REC3_F0 Pin=U6-5
Added Net: Name=REC3_F0
Added Pin To Net: NetName=RESET Pin=C31-2
Added Pin To Net: NetName=RESET Pin=R17-1
Added Pin To Net: NetName=RESET Pin=REST1-1
Added Pin To Net: NetName=RESET Pin=U3-7
Added Net: Name=RESET
Added Pin To Net: NetName=SWCLK Pin=DOWNLOAD1-2
Added Pin To Net: NetName=SWCLK Pin=U3-49
Added Net: Name=SWCLK
Added Pin To Net: NetName=SWDIO Pin=DOWNLOAD1-4
Added Pin To Net: NetName=SWDIO Pin=U3-46
Added Net: Name=SWDIO
Added Pin To Net: NetName=VBAT Pin=C2-1
Added Pin To Net: NetName=VBAT Pin=C3-1
Added Pin To Net: NetName=VBAT Pin=C6-1
Added Pin To Net: NetName=VBAT Pin=C7-1
Added Pin To Net: NetName=VBAT Pin=L1-1
Added Pin To Net: NetName=VBAT Pin=Q2-3
Added Pin To Net: NetName=VBAT Pin=S1-2
Added Pin To Net: NetName=VBAT Pin=U1-3
Added Pin To Net: NetName=VBAT Pin=U2-3
Added Net: Name=VBAT
Added Class: Name=U_MODELS
Added Class: Name=U_Power
Added Class: Name=U_RecevieModels
Added Class: Name=U_STM32F103RCT6MinSys
Added Room: Name=U_MODELS
Added Room: Name=U_Power
Added Room: Name=U_RecevieModels
Added Room: Name=U_STM32F103RCT6MinSys
